2021-08-19 16:08:44,955 DEBUG - Starting WinSW in the service mode
2021-08-19 16:08:46,569 INFO  - Starting C:\Program Files\Java\jdk1.8.0_301\\bin\java.exe -Xrs -Xmx256m -Dhudson.lifecycle=hudson.lifecycle.WindowsServiceLifecycle -jar "C:\Program Files\Jenkins\jenkins.war" --httpPort=8080 --webroot="C:\Windows\system32\config\systemprofile\AppData\Local\Jenkins\war"
2021-08-19 16:08:46,768 INFO  - Extension loaded: killOnStartup
2021-08-19 16:08:46,814 WARN  - The requested PID file 'C:\Windows\system32\config\systemprofile\AppData\Local\Jenkins\jenkins.pid' does not exist. The runaway process won't be checked
2021-08-19 16:08:47,340 INFO  - Started process 884
2021-08-19 16:08:47,821 DEBUG - Forwarding logs of the process System.Diagnostics.Process (java) to winsw.SizeBasedRollingLogAppender
2021-08-19 16:08:48,847 INFO  - Recording PID of the started process:884. PID file destination is C:\Windows\system32\config\systemprofile\AppData\Local\Jenkins\jenkins.pid
2021-08-19 16:08:49,255 ERROR - Cannot update the PID file C:\Windows\system32\config\systemprofile\AppData\Local\Jenkins\jenkins.pid
System.IO.DirectoryNotFoundException: Could not find a part of the path 'C:\Windows\system32\config\systemprofile\AppData\Local\Jenkins\jenkins.pid'.
   at System.IO.__Error.WinIOError(Int32 errorCode, String maybeFullPath)
   at System.IO.FileStream.Init(String path, FileMode mode, FileAccess access, Int32 rights, Boolean useRights, FileShare share, Int32 bufferSize, FileOptions options, SECURITY_ATTRIBUTES secAttrs, String msgPath, Boolean bFromProxy, Boolean useLongPath, Boolean checkHost)
   at System.IO.FileStream..ctor(String path, FileMode mode, FileAccess access, FileShare share, Int32 bufferSize, FileOptions options, String msgPath, Boolean bFromProxy, Boolean useLongPath, Boolean checkHost)
   at System.IO.StreamWriter.CreateFile(String path, Boolean append, Boolean checkHost)
   at System.IO.StreamWriter..ctor(String path, Boolean append, Encoding encoding, Int32 bufferSize, Boolean checkHost)
   at System.IO.File.InternalWriteAllText(String path, String contents, Encoding encoding, Boolean checkHost)
   at winsw.Plugins.RunawayProcessKiller.RunawayProcessKillerExtension.OnProcessStarted(Process process)
2021-08-19 22:40:45,142 INFO  - Stopping jenkins
2021-08-19 22:40:45,329 DEBUG - ProcessKill 884
2021-08-19 22:41:00,791 WARN  - Failed to locate children of the process with PID=884. Child processes won't be terminated
System.Runtime.InteropServices.COMException (0x8007045B): A system shutdown is in progress.

   at System.Runtime.InteropServices.Marshal.ThrowExceptionForHRInternal(Int32 errorCode, IntPtr errorInfo)
   at System.Management.ManagementScope.InitializeGuts(Object o)
   at System.Management.ManagementScope.Initialize()
   at System.Management.ManagementObjectSearcher.Initialize()
   at System.Management.ManagementObjectSearcher.Get()
   at winsw.Util.ProcessHelper.GetChildPids(Int32 pid)
2021-08-19 22:41:01,025 INFO  - Stopping process 884
2021-08-19 22:41:01,088 INFO  - Send SIGINT 884
2021-08-19 22:41:01,900 INFO  - SIGINT to 884 successful
2021-08-19 22:41:01,900 INFO  - Finished jenkins
2021-08-19 22:41:01,900 DEBUG - Completed. Exit code is 0
2021-08-19 22:42:44,503 DEBUG - Starting WinSW in the service mode
2021-08-19 22:42:44,930 INFO  - Starting C:\Program Files\Java\jdk1.8.0_301\\bin\java.exe -Xrs -Xmx256m -Dhudson.lifecycle=hudson.lifecycle.WindowsServiceLifecycle -jar "C:\Program Files\Jenkins\jenkins.war" --httpPort=8080 --webroot="C:\Windows\system32\config\systemprofile\AppData\Local\Jenkins\war"
2021-08-19 22:42:45,180 INFO  - Extension loaded: killOnStartup
2021-08-19 22:42:45,227 WARN  - The requested PID file 'C:\Windows\system32\config\systemprofile\AppData\Local\Jenkins\jenkins.pid' does not exist. The runaway process won't be checked
2021-08-19 22:42:45,510 INFO  - Started process 688
2021-08-19 22:42:45,638 DEBUG - Forwarding logs of the process System.Diagnostics.Process (java) to winsw.SizeBasedRollingLogAppender
2021-08-19 22:42:45,653 INFO  - Recording PID of the started process:688. PID file destination is C:\Windows\system32\config\systemprofile\AppData\Local\Jenkins\jenkins.pid
2021-08-22 10:28:18,831 DEBUG - Starting WinSW in the CLI mode
2021-08-22 10:28:25,541 INFO  - Restarting the service with id 'jenkins'
2021-08-22 10:28:25,564 DEBUG - Completed. Exit code is 0
2021-08-22 10:28:25,730 DEBUG - Starting WinSW in the CLI mode
2021-08-22 10:28:26,558 INFO  - Restarting the service with id 'jenkins'
2021-08-22 10:28:27,584 INFO  - Stopping jenkins
2021-08-22 10:28:27,586 DEBUG - ProcessKill 688
2021-08-22 10:28:27,884 INFO  - Found child process: 1060 Name: conhost.exe
2021-08-22 10:28:28,196 INFO  - Stopping process 1060
2021-08-22 10:28:28,201 INFO  - Send SIGINT 1060
2021-08-22 10:28:28,204 WARN  - SIGINT to 1060 failed - Killing as fallback
2021-08-22 10:28:28,207 INFO  - Stopping process 688
2021-08-22 10:28:28,211 INFO  - Send SIGINT 688
2021-08-22 10:28:28,240 WARN  - SIGINT to 688 failed - Killing as fallback
2021-08-22 10:28:28,291 INFO  - Finished jenkins
2021-08-22 10:28:28,404 DEBUG - Completed. Exit code is 0
2021-08-22 10:28:31,114 DEBUG - Starting WinSW in the service mode
2021-08-22 10:28:31,297 DEBUG - Completed. Exit code is 0
2021-08-22 10:28:31,509 INFO  - Starting C:\Program Files\Java\jdk1.8.0_301\\bin\java.exe -Xrs -Xmx256m -Dhudson.lifecycle=hudson.lifecycle.WindowsServiceLifecycle -jar "C:\Program Files\Jenkins\jenkins.war" --httpPort=8080 --webroot="C:\Windows\system32\config\systemprofile\AppData\Local\Jenkins\war"
2021-08-22 10:28:31,610 INFO  - Extension loaded: killOnStartup
2021-08-22 10:28:31,658 DEBUG - Checking the potentially runaway process with PID=688
2021-08-22 10:28:31,986 DEBUG - No runaway process with PID=688. The process has been already stopped.
2021-08-22 10:28:32,456 INFO  - Started process 5676
2021-08-22 10:28:32,510 DEBUG - Forwarding logs of the process System.Diagnostics.Process (java) to winsw.SizeBasedRollingLogAppender
2021-08-22 10:28:32,519 INFO  - Recording PID of the started process:5676. PID file destination is C:\Windows\system32\config\systemprofile\AppData\Local\Jenkins\jenkins.pid
2021-08-22 15:04:38,576 DEBUG - Starting WinSW in the CLI mode
2021-08-22 15:04:38,972 INFO  - Restarting the service with id 'jenkins'
2021-08-22 15:04:38,983 DEBUG - Completed. Exit code is 0
2021-08-22 15:04:39,203 DEBUG - Starting WinSW in the CLI mode
2021-08-22 15:04:39,471 INFO  - Restarting the service with id 'jenkins'
2021-08-22 15:04:39,511 INFO  - Stopping jenkins
2021-08-22 15:04:39,512 DEBUG - ProcessKill 5676
2021-08-22 15:04:39,699 INFO  - Found child process: 8236 Name: conhost.exe
2021-08-22 15:04:39,782 INFO  - Stopping process 8236
2021-08-22 15:04:39,786 INFO  - Send SIGINT 8236
2021-08-22 15:04:39,789 WARN  - SIGINT to 8236 failed - Killing as fallback
2021-08-22 15:04:39,792 INFO  - Stopping process 5676
2021-08-22 15:04:39,797 INFO  - Send SIGINT 5676
2021-08-22 15:04:39,798 WARN  - SIGINT to 5676 failed - Killing as fallback
2021-08-22 15:04:39,801 INFO  - Finished jenkins
2021-08-22 15:04:39,803 DEBUG - Completed. Exit code is 0
2021-08-22 15:04:41,003 DEBUG - Starting WinSW in the service mode
2021-08-22 15:04:41,032 DEBUG - Completed. Exit code is 0
2021-08-22 15:04:41,064 INFO  - Starting C:\Program Files\Java\jdk1.8.0_301\\bin\java.exe -Xrs -Xmx256m -Dhudson.lifecycle=hudson.lifecycle.WindowsServiceLifecycle -jar "C:\Program Files\Jenkins\jenkins.war" --httpPort=8080 --webroot="C:\Windows\system32\config\systemprofile\AppData\Local\Jenkins\war"
2021-08-22 15:04:41,076 INFO  - Extension loaded: killOnStartup
2021-08-22 15:04:41,084 DEBUG - Checking the potentially runaway process with PID=5676
2021-08-22 15:04:41,093 DEBUG - No runaway process with PID=5676. The process has been already stopped.
2021-08-22 15:04:41,530 INFO  - Started process 8180
2021-08-22 15:04:41,539 DEBUG - Forwarding logs of the process System.Diagnostics.Process (java) to winsw.SizeBasedRollingLogAppender
2021-08-22 15:04:41,550 INFO  - Recording PID of the started process:8180. PID file destination is C:\Windows\system32\config\systemprofile\AppData\Local\Jenkins\jenkins.pid
2021-08-23 07:29:27,013 DEBUG - Starting WinSW in the CLI mode
2021-08-23 07:29:27,600 INFO  - Restarting the service with id 'jenkins'
2021-08-23 07:29:27,612 DEBUG - Completed. Exit code is 0
2021-08-23 07:29:27,827 DEBUG - Starting WinSW in the CLI mode
2021-08-23 07:29:28,120 INFO  - Restarting the service with id 'jenkins'
2021-08-23 07:29:28,239 INFO  - Stopping jenkins
2021-08-23 07:29:28,240 DEBUG - ProcessKill 8180
2021-08-23 07:29:28,621 INFO  - Found child process: 8868 Name: conhost.exe
2021-08-23 07:29:28,701 INFO  - Stopping process 8868
2021-08-23 07:29:28,705 INFO  - Send SIGINT 8868
2021-08-23 07:29:28,708 WARN  - SIGINT to 8868 failed - Killing as fallback
2021-08-23 07:29:28,711 INFO  - Stopping process 8180
2021-08-23 07:29:28,717 INFO  - Send SIGINT 8180
2021-08-23 07:29:28,718 WARN  - SIGINT to 8180 failed - Killing as fallback
2021-08-23 07:29:28,723 INFO  - Finished jenkins
2021-08-23 07:29:28,724 DEBUG - Completed. Exit code is 0
2021-08-23 07:29:29,742 DEBUG - Starting WinSW in the service mode
2021-08-23 07:29:29,764 DEBUG - Completed. Exit code is 0
2021-08-23 07:29:29,794 INFO  - Starting C:\Program Files\Java\jdk1.8.0_301\\bin\java.exe -Xrs -Xmx256m -Dhudson.lifecycle=hudson.lifecycle.WindowsServiceLifecycle -jar "C:\Program Files\Jenkins\jenkins.war" --httpPort=8080 --webroot="C:\Windows\system32\config\systemprofile\AppData\Local\Jenkins\war"
2021-08-23 07:29:29,809 INFO  - Extension loaded: killOnStartup
2021-08-23 07:29:29,817 DEBUG - Checking the potentially runaway process with PID=8180
2021-08-23 07:29:29,828 DEBUG - No runaway process with PID=8180. The process has been already stopped.
2021-08-23 07:29:30,237 INFO  - Started process 11008
2021-08-23 07:29:30,242 DEBUG - Forwarding logs of the process System.Diagnostics.Process (java) to winsw.SizeBasedRollingLogAppender
2021-08-23 07:29:30,249 INFO  - Recording PID of the started process:11008. PID file destination is C:\Windows\system32\config\systemprofile\AppData\Local\Jenkins\jenkins.pid
2021-08-23 07:35:26,293 DEBUG - Starting WinSW in the CLI mode
2021-08-23 07:35:26,658 INFO  - Restarting the service with id 'jenkins'
2021-08-23 07:35:26,667 DEBUG - Completed. Exit code is 0
2021-08-23 07:35:26,886 DEBUG - Starting WinSW in the CLI mode
2021-08-23 07:35:27,152 INFO  - Restarting the service with id 'jenkins'
2021-08-23 07:35:27,183 INFO  - Stopping jenkins
2021-08-23 07:35:27,184 DEBUG - ProcessKill 11008
2021-08-23 07:35:27,358 INFO  - Found child process: 4248 Name: conhost.exe
2021-08-23 07:35:27,443 INFO  - Stopping process 4248
2021-08-23 07:35:27,448 INFO  - Send SIGINT 4248
2021-08-23 07:35:27,451 WARN  - SIGINT to 4248 failed - Killing as fallback
2021-08-23 07:35:27,455 INFO  - Stopping process 11008
2021-08-23 07:35:27,459 INFO  - Send SIGINT 11008
2021-08-23 07:35:27,460 WARN  - SIGINT to 11008 failed - Killing as fallback
2021-08-23 07:35:27,464 INFO  - Finished jenkins
2021-08-23 07:35:27,466 DEBUG - Completed. Exit code is 0
2021-08-23 07:35:28,641 DEBUG - Starting WinSW in the service mode
2021-08-23 07:35:28,670 DEBUG - Completed. Exit code is 0
2021-08-23 07:35:28,689 INFO  - Starting C:\Program Files\Java\jdk1.8.0_301\\bin\java.exe -Xrs -Xmx256m -Dhudson.lifecycle=hudson.lifecycle.WindowsServiceLifecycle -jar "C:\Program Files\Jenkins\jenkins.war" --httpPort=8080 --webroot="C:\Windows\system32\config\systemprofile\AppData\Local\Jenkins\war"
2021-08-23 07:35:28,706 INFO  - Extension loaded: killOnStartup
2021-08-23 07:35:28,714 DEBUG - Checking the potentially runaway process with PID=11008
2021-08-23 07:35:28,724 DEBUG - No runaway process with PID=11008. The process has been already stopped.
2021-08-23 07:35:29,173 INFO  - Started process 7228
2021-08-23 07:35:29,179 DEBUG - Forwarding logs of the process System.Diagnostics.Process (java) to winsw.SizeBasedRollingLogAppender
2021-08-23 07:35:29,187 INFO  - Recording PID of the started process:7228. PID file destination is C:\Windows\system32\config\systemprofile\AppData\Local\Jenkins\jenkins.pid
2021-08-23 10:18:30,790 DEBUG - Starting WinSW in the CLI mode
2021-08-23 10:18:31,364 INFO  - Restarting the service with id 'jenkins'
2021-08-23 10:18:31,374 DEBUG - Completed. Exit code is 0
2021-08-23 10:18:31,560 DEBUG - Starting WinSW in the CLI mode
2021-08-23 10:18:31,779 INFO  - Restarting the service with id 'jenkins'
2021-08-23 10:18:31,827 INFO  - Stopping jenkins
2021-08-23 10:18:31,844 DEBUG - ProcessKill 7228
2021-08-23 10:18:31,975 INFO  - Found child process: 8856 Name: conhost.exe
2021-08-23 10:18:32,031 INFO  - Stopping process 8856
2021-08-23 10:18:32,034 INFO  - Send SIGINT 8856
2021-08-23 10:18:32,036 WARN  - SIGINT to 8856 failed - Killing as fallback
2021-08-23 10:18:32,040 INFO  - Stopping process 7228
2021-08-23 10:18:32,046 INFO  - Send SIGINT 7228
2021-08-23 10:18:32,046 WARN  - SIGINT to 7228 failed - Killing as fallback
2021-08-23 10:18:32,050 INFO  - Finished jenkins
2021-08-23 10:18:32,051 DEBUG - Completed. Exit code is 0
2021-08-23 10:18:33,223 DEBUG - Starting WinSW in the service mode
2021-08-23 10:18:33,247 DEBUG - Completed. Exit code is 0
2021-08-23 10:18:33,263 INFO  - Starting C:\Program Files\Java\jdk1.8.0_301\\bin\java.exe -Xrs -Xmx256m -Dhudson.lifecycle=hudson.lifecycle.WindowsServiceLifecycle -jar "C:\Program Files\Jenkins\jenkins.war" --httpPort=8080 --webroot="C:\Windows\system32\config\systemprofile\AppData\Local\Jenkins\war"
2021-08-23 10:18:33,276 INFO  - Extension loaded: killOnStartup
2021-08-23 10:18:33,282 DEBUG - Checking the potentially runaway process with PID=7228
2021-08-23 10:18:33,291 DEBUG - No runaway process with PID=7228. The process has been already stopped.
2021-08-23 10:18:33,658 INFO  - Started process 12928
2021-08-23 10:18:33,663 DEBUG - Forwarding logs of the process System.Diagnostics.Process (java) to winsw.SizeBasedRollingLogAppender
2021-08-23 10:18:33,671 INFO  - Recording PID of the started process:12928. PID file destination is C:\Windows\system32\config\systemprofile\AppData\Local\Jenkins\jenkins.pid
